<?xml version="1.0" encoding="UTF-8"?>
<testsuite name="Runner.TestRunner" time="0.01" tests="1" errors="1" skipped="0" failures="0">
  <properties>
[...]
</properties>
  <testcase name="initializationError" classname="Runner.TestRunner" time="0.01">
    <error message="Bad tag: &quot;Test&quot;" type="gherkin.TagExpression$BadTagException"><![CDATA[gherkin.TagExpression$BadTagException: Bad tag: "Test"
	at gherkin.TagExpression$TagExp.<init>(TagExpression.java:122)
	at gherkin.TagExpression.add(TagExpression.java:57)
	at gherkin.TagExpression.<init>(TagExpression.java:17)
	at gherkin.formatter.TagFilter.<init>(TagFilter.java:14)
	at gherkin.formatter.FilterFormatter.detectFilter(FilterFormatter.java:64)
	at gherkin.formatter.FilterFormatter.<init>(FilterFormatter.java:41)
	at cucumber.runtime.FeatureBuilder.parse(FeatureBuilder.java:126)
	at cucumber.runtime.model.CucumberFeature.loadFromFeaturePath(CucumberFeature.java:104)
	at cucumber.runtime.model.CucumberFeature.load(CucumberFeature.java:54)
	at cucumber.runtime.model.CucumberFeature.load(CucumberFeature.java:34)
	at cucumber.runtime.RuntimeOptions.cucumberFeatures(RuntimeOptions.java:239)
	at cucumber.api.junit.Cucumber.<init>(Cucumber.java:62)
	at sun.reflect.NativeConstructorAccessorImpl.newInstance0(Native Method)
	at sun.reflect.NativeConstructorAccessorImpl.newInstance(NativeConstructorAccessorImpl.java:62)
	at sun.reflect.DelegatingConstructorAccessorImpl.newInstance(DelegatingConstructorAccessorImpl.java:45)
	at java.lang.reflect.Constructor.newInstance(Constructor.java:423)
	at org.junit.internal.builders.AnnotatedBuilder.buildRunner(AnnotatedBuilder.java:104)
	at org.junit.internal.builders.AnnotatedBuilder.runnerForClass(AnnotatedBuilder.java:86)
	at org.junit.runners.model.RunnerBuilder.safeRunnerForClass(RunnerBuilder.java:59)
	at org.junit.internal.builders.AllDefaultPossibilitiesBuilder.runnerForClass(AllDefaultPossibilitiesBuilder.java:26)
	at org.junit.runners.model.RunnerBuilder.safeRunnerForClass(RunnerBuilder.java:59)
	at org.junit.internal.requests.ClassRequest.getRunner(ClassRequest.java:33)
	at org.apache.maven.surefire.junit4.JUnit4Provider.execute(JUnit4Provider.java:283)
	at org.apache.maven.surefire.junit4.JUnit4Provider.executeWithRerun(JUnit4Provider.java:173)
	at org.apache.maven.surefire.junit4.JUnit4Provider.executeTestSet(JUnit4Provider.java:153)
	at org.apache.maven.surefire.junit4.JUnit4Provider.invoke(JUnit4Provider.java:128)
	at org.apache.maven.surefire.booter.ForkedBooter.invokeProviderInSameClassLoader(ForkedBooter.java:203)
	at org.apache.maven.surefire.booter.ForkedBooter.runSuitesInProcess(ForkedBooter.java:155)
	at org.apache.maven.surefire.booter.ForkedBooter.main(ForkedBooter.java:103)
]]></error>
  </testcase>
</testsuite>